<?xml version="1.0" encoding="UTF-8"?>
<testsuite name="com.example.ExampleApplicationTests" tests="1" skipped="0" failures="0" errors="0" timestamp="2016-11-14T16:16:47" hostname="mike-SATELLITE-C55-A-1H1" time="0.023">
  <properties/>
  <testcase name="contextLoads" classname="com.example.ExampleApplicationTests" time="0.023"/>
  <system-out><![CDATA[18:16:36.265 [Test worker] DEBUG org.springframework.test.context.junit4.SpringJUnit4ClassRunner - SpringJUnit4ClassRunner constructor called with [class com.example.ExampleApplicationTests]
18:16:36.271 [Test worker] DEBUG org.springframework.test.context.BootstrapUtils - Instantiating CacheAwareContextLoaderDelegate from class [org.springframework.test.context.cache.DefaultCacheAwareContextLoaderDelegate]
18:16:36.279 [Test worker] DEBUG org.springframework.test.context.BootstrapUtils - Instantiating BootstrapContext using constructor [public org.springframework.test.context.support.DefaultBootstrapContext(java.lang.Class,org.springframework.test.context.CacheAwareContextLoaderDelegate)]
18:16:36.294 [Test worker] DEBUG org.springframework.test.context.BootstrapUtils - Instantiating TestContextBootstrapper for test class [com.example.ExampleApplicationTests] from class [org.springframework.test.context.web.WebTestContextBootstrapper]
18:16:36.321 [Test worker] DEBUG org.springframework.test.context.web.WebTestContextBootstrapper - Found explicit ContextLoader class [org.springframework.boot.test.SpringApplicationContextLoader] for context configuration attributes [ContextConfigurationAttributes@f639fdb declaringClass = 'com.example.ExampleApplicationTests', classes = '{class com.example.ExampleApplication}', locations = '{}', inheritLocations = true, initializers = '{}', inheritInitializers = true, name = [null], contextLoaderClass = 'org.springframework.boot.test.SpringApplicationContextLoader']
18:16:36.331 [Test worker] DEBUG org.springframework.test.context.support.AbstractContextLoader - Did not detect default resource location for test class [com.example.ExampleApplicationTests]: class path resource [com/example/ExampleApplicationTests-context.xml] does not exist
18:16:36.331 [Test worker] DEBUG org.springframework.test.context.support.AbstractContextLoader - Did not detect default resource location for test class [com.example.ExampleApplicationTests]: class path resource [com/example/ExampleApplicationTestsContext.groovy] does not exist
18:16:36.332 [Test worker] INFO org.springframework.test.context.support.AbstractContextLoader - Could not detect default resource locations for test class [com.example.ExampleApplicationTests]: no resource found for suffixes {-context.xml, Context.groovy}.
18:16:36.397 [Test worker] DEBUG org.springframework.test.context.support.ActiveProfilesUtils - Could not find an 'annotation declaring class' for annotation type [org.springframework.test.context.ActiveProfiles] and class [com.example.ExampleApplicationTests]
18:16:36.399 [Test worker] DEBUG org.springframework.test.context.web.WebTestContextBootstrapper - @TestExecutionListeners is not present for class [com.example.ExampleApplicationTests]: using defaults.
18:16:36.408 [Test worker] INFO org.springframework.test.context.web.WebTestContextBootstrapper - Loaded default TestExecutionListener class names from location [META-INF/spring.factories]: [org.springframework.boot.test.mock.mockito.MockitoTestExecutionListener, org.springframework.boot.test.mock.mockito.ResetMocksTestExecutionListener, org.springframework.boot.test.autoconfigure.restdocs.RestDocsTestExecutionListener, org.springframework.boot.test.autoconfigure.web.client.MockRestServiceServerResetTestExecutionListener, org.springframework.boot.test.autoconfigure.web.servlet.MockMvcPrintOnlyOnFailureTestExecutionListener, org.springframework.boot.test.autoconfigure.web.servlet.WebDriverTestExecutionListener, org.springframework.test.context.web.ServletTestExecutionListener, org.springframework.test.context.support.DirtiesContextBeforeModesTestExecutionListener, org.springframework.test.context.support.DependencyInjectionTestExecutionListener, org.springframework.test.context.support.DirtiesContextTestExecutionListener, org.springframework.test.context.transaction.TransactionalTestExecutionListener, org.springframework.test.context.jdbc.SqlScriptsTestExecutionListener]
18:16:36.438 [Test worker] INFO org.springframework.test.context.web.WebTestContextBootstrapper - Using TestExecutionListeners: [org.springframework.test.context.web.ServletTestExecutionListener@41668e70, org.springframework.test.context.support.DirtiesContextBeforeModesTestExecutionListener@39d0850a, org.springframework.test.context.support.DependencyInjectionTestExecutionListener@5317cc92, org.springframework.test.context.support.DirtiesContextTestExecutionListener@2fab5f44, org.springframework.test.context.transaction.TransactionalTestExecutionListener@5a4b41cf, org.springframework.test.context.jdbc.SqlScriptsTestExecutionListener@670e7759, org.springframework.boot.test.mock.mockito.ResetMocksTestExecutionListener@a905476, org.springframework.boot.test.autoconfigure.restdocs.RestDocsTestExecutionListener@7fb46b1f, org.springframework.boot.test.mock.mockito.MockitoTestExecutionListener@7f71081f, org.springframework.boot.test.autoconfigure.web.client.MockRestServiceServerResetTestExecutionListener@6bd10c17, org.springframework.boot.test.autoconfigure.web.servlet.WebDriverTestExecutionListener@63ead6ff, org.springframework.boot.test.autoconfigure.web.servlet.MockMvcPrintOnlyOnFailureTestExecutionListener@3f5aa50e]
18:16:36.444 [Test worker] DEBUG org.springframework.test.annotation.ProfileValueUtils - Retrieved @ProfileValueSourceConfiguration [null] for test class [com.example.ExampleApplicationTests]
18:16:36.444 [Test worker] DEBUG org.springframework.test.annotation.ProfileValueUtils - Retrieved ProfileValueSource type [class org.springframework.test.annotation.SystemProfileValueSource] for class [com.example.ExampleApplicationTests]
18:16:36.446 [Test worker] DEBUG org.springframework.test.annotation.ProfileValueUtils - Retrieved @ProfileValueSourceConfiguration [null] for test class [com.example.ExampleApplicationTests]
18:16:36.446 [Test worker] DEBUG org.springframework.test.annotation.ProfileValueUtils - Retrieved ProfileValueSource type [class org.springframework.test.annotation.SystemProfileValueSource] for class [com.example.ExampleApplicationTests]
18:16:36.452 [Test worker] DEBUG org.springframework.test.context.support.AbstractDirtiesContextTestExecutionListener - Before test class: context [DefaultTestContext@6df96234 testClass = ExampleApplicationTests, testInstance = [null], testMethod = [null], testException = [null], mergedContextConfiguration = [WebMergedContextConfiguration@d79b2f6 testClass = ExampleApplicationTests, locations = '{}', classes = '{class com.example.ExampleApplication}', contextInitializerClasses = '[]', activeProfiles = '{}', propertySourceLocations = '{}', propertySourceProperties = '{}', contextCustomizers = set[org.springframework.boot.test.context.filter.ExcludeFilterContextCustomizer@60ea8ead, org.springframework.boot.test.mock.mockito.MockitoContextCustomizer@0, org.springframework.boot.test.autoconfigure.properties.PropertyMappingContextCustomizer@0, org.springframework.boot.test.autoconfigure.web.servlet.WebDriverContextCustomizerFactory$Customizer@39630404, org.springframework.test.context.web.socket.MockServerContainerContextCustomizer@6c70c740], resourceBasePath = 'src/main/webapp', contextLoader = 'org.springframework.boot.test.SpringApplicationContextLoader', parent = [null]]], class annotated with @DirtiesContext [false] with mode [null].
18:16:36.453 [Test worker] DEBUG org.springframework.test.annotation.ProfileValueUtils - Retrieved @ProfileValueSourceConfiguration [null] for test class [com.example.ExampleApplicationTests]
18:16:36.454 [Test worker] DEBUG org.springframework.test.annotation.ProfileValueUtils - Retrieved ProfileValueSource type [class org.springframework.test.annotation.SystemProfileValueSource] for class [com.example.ExampleApplicationTests]
18:16:36.582 [Test worker] DEBUG org.springframework.core.env.StandardEnvironment - Adding [systemProperties] PropertySource with lowest search precedence
18:16:36.584 [Test worker] DEBUG org.springframework.core.env.StandardEnvironment - Adding [systemEnvironment] PropertySource with lowest search precedence
18:16:36.584 [Test worker] DEBUG org.springframework.core.env.StandardEnvironment - Initialized StandardEnvironment with PropertySources [systemProperties,systemEnvironment]
18:16:36.586 [Test worker] DEBUG org.springframework.core.env.StandardEnvironment - Adding [integrationTest] PropertySource with search precedence immediately lower than [systemEnvironment]

  .   ____          _            __ _ _
 /\\ / ___'_ __ _ _(_)_ __  __ _ \ \ \ \
( ( )\___ | '_ | '_| | '_ \/ _` | \ \ \ \
 \\/  ___)| |_)| | | | | || (_| |  ) ) ) )
  '  |____| .__|_| |_|_| |_\__, | / / / /
 =========|_|==============|___/=/_/_/_/
 :: Spring Boot ::        (v1.4.1.RELEASE)

2016-11-14 18:16:37.214  INFO 11194 --- [    Test worker] com.example.ExampleApplicationTests      : Starting ExampleApplicationTests on mike-SATELLITE-C55-A-1H1 with PID 11194 (started by mike in /home/mike/IdeaProjects/spring-cat)
2016-11-14 18:16:37.216  INFO 11194 --- [    Test worker] com.example.ExampleApplicationTests      : No active profile set, falling back to default profiles: default
2016-11-14 18:16:37.824  INFO 11194 --- [    Test worker] o.s.w.c.s.GenericWebApplicationContext   : Refreshing org.springframework.web.context.support.GenericWebApplicationContext@5fe53e8c: startup date [Mon Nov 14 18:16:37 EET 2016]; root of context hierarchy
2016-11-14 18:16:40.348  INFO 11194 --- [    Test worker] f.a.AutowiredAnnotationBeanPostProcessor : JSR-330 'javax.inject.Inject' annotation found and supported for autowiring
2016-11-14 18:16:40.514  INFO 11194 --- [    Test worker] trationDelegate$BeanPostProcessorChecker : Bean 'org.springframework.transaction.annotation.ProxyTransactionManagementConfiguration' of type [class org.springframework.transaction.annotation.ProxyTransactionManagementConfiguration$$EnhancerBySpringCGLIB$$667167b4] is not eligible for getting processed by all BeanPostProcessors (for example: not eligible for auto-proxying)
2016-11-14 18:16:41.270  INFO 11194 --- [    Test worker] j.LocalContainerEntityManagerFactoryBean : Building JPA container EntityManagerFactory for persistence unit 'default'
2016-11-14 18:16:41.302  INFO 11194 --- [    Test worker] o.hibernate.jpa.internal.util.LogHelper  : HHH000204: Processing PersistenceUnitInfo [
	name: default
	...]
2016-11-14 18:16:41.421  INFO 11194 --- [    Test worker] org.hibernate.Version                    : HHH000412: Hibernate Core {5.0.11.Final}
2016-11-14 18:16:41.424  INFO 11194 --- [    Test worker] org.hibernate.cfg.Environment            : HHH000206: hibernate.properties not found
2016-11-14 18:16:41.427  INFO 11194 --- [    Test worker] org.hibernate.cfg.Environment            : HHH000021: Bytecode provider name : javassist
2016-11-14 18:16:41.512  INFO 11194 --- [    Test worker] o.hibernate.annotations.common.Version   : HCANN000001: Hibernate Commons Annotations {5.0.1.Final}
2016-11-14 18:16:42.200  INFO 11194 --- [    Test worker] org.hibernate.dialect.Dialect            : HHH000400: Using dialect: org.hibernate.dialect.PostgreSQLDialect
2016-11-14 18:16:42.372  INFO 11194 --- [    Test worker] o.h.e.j.e.i.LobCreatorBuilderImpl        : HHH000424: Disabling contextual LOB creation as createClob() method threw error : java.lang.reflect.InvocationTargetException
2016-11-14 18:16:42.375  INFO 11194 --- [    Test worker] org.hibernate.type.BasicTypeRegistry     : HHH000270: Type registration [java.util.UUID] overrides previous : org.hibernate.type.UUIDBinaryType@1b4854c9
2016-11-14 18:16:42.700  WARN 11194 --- [    Test worker] o.h.t.d.java.JavaTypeDescriptorRegistry  : Could not find matching type descriptor for requested Java class [com.example.dto.PlaceInfo]; using fallback
2016-11-14 18:16:42.726  WARN 11194 --- [    Test worker] org.hibernate.orm.deprecation            : HHH90000014: Found use of deprecated [org.hibernate.id.SequenceGenerator] sequence-based id generator; use org.hibernate.id.enhanced.SequenceStyleGenerator instead.  See Hibernate Domain Model Mapping Guide for details.
2016-11-14 18:16:42.730  WARN 11194 --- [    Test worker] org.hibernate.orm.deprecation            : HHH90000014: Found use of deprecated [org.hibernate.id.SequenceGenerator] sequence-based id generator; use org.hibernate.id.enhanced.SequenceStyleGenerator instead.  See Hibernate Domain Model Mapping Guide for details.
2016-11-14 18:16:42.730  WARN 11194 --- [    Test worker] org.hibernate.orm.deprecation            : HHH90000014: Found use of deprecated [org.hibernate.id.SequenceGenerator] sequence-based id generator; use org.hibernate.id.enhanced.SequenceStyleGenerator instead.  See Hibernate Domain Model Mapping Guide for details.
2016-11-14 18:16:42.730  WARN 11194 --- [    Test worker] org.hibernate.orm.deprecation            : HHH90000014: Found use of deprecated [org.hibernate.id.SequenceGenerator] sequence-based id generator; use org.hibernate.id.enhanced.SequenceStyleGenerator instead.  See Hibernate Domain Model Mapping Guide for details.
2016-11-14 18:16:42.731  WARN 11194 --- [    Test worker] org.hibernate.orm.deprecation            : HHH90000014: Found use of deprecated [org.hibernate.id.SequenceGenerator] sequence-based id generator; use org.hibernate.id.enhanced.SequenceStyleGenerator instead.  See Hibernate Domain Model Mapping Guide for details.
2016-11-14 18:16:42.731  WARN 11194 --- [    Test worker] org.hibernate.orm.deprecation            : HHH90000014: Found use of deprecated [org.hibernate.id.SequenceGenerator] sequence-based id generator; use org.hibernate.id.enhanced.SequenceStyleGenerator instead.  See Hibernate Domain Model Mapping Guide for details.
2016-11-14 18:16:42.732  WARN 11194 --- [    Test worker] org.hibernate.orm.deprecation            : HHH90000014: Found use of deprecated [org.hibernate.id.SequenceGenerator] sequence-based id generator; use org.hibernate.id.enhanced.SequenceStyleGenerator instead.  See Hibernate Domain Model Mapping Guide for details.
2016-11-14 18:16:42.732  WARN 11194 --- [    Test worker] org.hibernate.orm.deprecation            : HHH90000014: Found use of deprecated [org.hibernate.id.SequenceGenerator] sequence-based id generator; use org.hibernate.id.enhanced.SequenceStyleGenerator instead.  See Hibernate Domain Model Mapping Guide for details.
2016-11-14 18:16:42.733  WARN 11194 --- [    Test worker] org.hibernate.orm.deprecation            : HHH90000014: Found use of deprecated [org.hibernate.id.SequenceGenerator] sequence-based id generator; use org.hibernate.id.enhanced.SequenceStyleGenerator instead.  See Hibernate Domain Model Mapping Guide for details.
2016-11-14 18:16:42.733  WARN 11194 --- [    Test worker] org.hibernate.orm.deprecation            : HHH90000014: Found use of deprecated [org.hibernate.id.SequenceGenerator] sequence-based id generator; use org.hibernate.id.enhanced.SequenceStyleGenerator instead.  See Hibernate Domain Model Mapping Guide for details.
2016-11-14 18:16:42.733  WARN 11194 --- [    Test worker] org.hibernate.orm.deprecation            : HHH90000014: Found use of deprecated [org.hibernate.id.SequenceGenerator] sequence-based id generator; use org.hibernate.id.enhanced.SequenceStyleGenerator instead.  See Hibernate Domain Model Mapping Guide for details.
2016-11-14 18:16:42.734  WARN 11194 --- [    Test worker] org.hibernate.orm.deprecation            : HHH90000014: Found use of deprecated [org.hibernate.id.SequenceGenerator] sequence-based id generator; use org.hibernate.id.enhanced.SequenceStyleGenerator instead.  See Hibernate Domain Model Mapping Guide for details.
2016-11-14 18:16:42.734  WARN 11194 --- [    Test worker] org.hibernate.orm.deprecation            : HHH90000014: Found use of deprecated [org.hibernate.id.SequenceGenerator] sequence-based id generator; use org.hibernate.id.enhanced.SequenceStyleGenerator instead.  See Hibernate Domain Model Mapping Guide for details.
2016-11-14 18:16:42.734  WARN 11194 --- [    Test worker] org.hibernate.orm.deprecation            : HHH90000014: Found use of deprecated [org.hibernate.id.SequenceGenerator] sequence-based id generator; use org.hibernate.id.enhanced.SequenceStyleGenerator instead.  See Hibernate Domain Model Mapping Guide for details.
2016-11-14 18:16:42.734  WARN 11194 --- [    Test worker] org.hibernate.orm.deprecation            : HHH90000014: Found use of deprecated [org.hibernate.id.SequenceGenerator] sequence-based id generator; use org.hibernate.id.enhanced.SequenceStyleGenerator instead.  See Hibernate Domain Model Mapping Guide for details.
2016-11-14 18:16:42.735  WARN 11194 --- [    Test worker] org.hibernate.orm.deprecation            : HHH90000014: Found use of deprecated [org.hibernate.id.SequenceGenerator] sequence-based id generator; use org.hibernate.id.enhanced.SequenceStyleGenerator instead.  See Hibernate Domain Model Mapping Guide for details.
2016-11-14 18:16:42.735  WARN 11194 --- [    Test worker] org.hibernate.orm.deprecation            : HHH90000014: Found use of deprecated [org.hibernate.id.SequenceGenerator] sequence-based id generator; use org.hibernate.id.enhanced.SequenceStyleGenerator instead.  See Hibernate Domain Model Mapping Guide for details.
2016-11-14 18:16:43.420  INFO 11194 --- [    Test worker] org.hibernate.tool.hbm2ddl.SchemaUpdate  : HHH000228: Running hbm2ddl schema update
2016-11-14 18:16:44.186  INFO 11194 --- [    Test worker] j.LocalContainerEntityManagerFactoryBean : Initialized JPA EntityManagerFactory for persistence unit 'default'
2016-11-14 18:16:45.411  INFO 11194 --- [    Test worker] s.w.s.m.m.a.RequestMappingHandlerMapping : Mapped "{[/verify]}" onto java.lang.String com.example.controllers.Verify.returnq()
2016-11-14 18:16:45.415  INFO 11194 --- [    Test worker] s.w.s.m.m.a.RequestMappingHandlerMapping : Mapped "{[/setFeedComment],methods=[POST]}" onto private <T> T com.example.controllers.commentsControllers.CommentsController.insertComment(com.example.entity.comments.FeedComment)
2016-11-14 18:16:45.418  INFO 11194 --- [    Test worker] s.w.s.m.m.a.RequestMappingHandlerMapping : Mapped "{[/getFeedComments],methods=[POST]}" onto <T> java.util.List<T> com.example.controllers.commentsControllers.CommentsController.getCommetns(long,int,int,int)
2016-11-14 18:16:45.420  INFO 11194 --- [    Test worker] s.w.s.m.m.a.RequestMappingHandlerMapping : Mapped "{[/comments/savecomment3],methods=[POST]}" onto com.example.entity.comments.SuggestionComments com.example.controllers.commentsControllers.CommentsController.saveComment(com.example.entity.comments.SuggestionComments)
2016-11-14 18:16:45.420  INFO 11194 --- [    Test worker] s.w.s.m.m.a.RequestMappingHandlerMapping : Mapped "{[/comments/savecomment4],methods=[POST]}" onto com.example.entity.comments.EventComments com.example.controllers.commentsControllers.CommentsController.saveComment(com.example.entity.comments.EventComments)
2016-11-14 18:16:45.421  INFO 11194 --- [    Test worker] s.w.s.m.m.a.RequestMappingHandlerMapping : Mapped "{[/comments/savecomment2],methods=[POST]}" onto com.example.entity.comments.TroublesComments com.example.controllers.commentsControllers.CommentsController.saveComment(com.example.entity.comments.TroublesComments)
2016-11-14 18:16:45.421  INFO 11194 --- [    Test worker] s.w.s.m.m.a.RequestMappingHandlerMapping : Mapped "{[/comments/savecomment1],methods=[POST]}" onto com.example.entity.comments.VoluntariesComments com.example.controllers.commentsControllers.CommentsController.saveComment(com.example.entity.comments.VoluntariesComments)
2016-11-14 18:16:45.423  INFO 11194 --- [    Test worker] s.w.s.m.m.a.RequestMappingHandlerMapping : Mapped "{[/eventcomments/getmoreinfo],methods=[GET]}" onto java.lang.Object com.example.controllers.commentsControllers.EventsCommentsController.getLastTen()
2016-11-14 18:16:45.424  INFO 11194 --- [    Test worker] s.w.s.m.m.a.RequestMappingHandlerMapping : Mapped "{[/eventcomments/getall],methods=[GET]}" onto java.util.List<com.example.entity.comments.EventComments> com.example.controllers.commentsControllers.EventsCommentsController.getAll()
2016-11-14 18:16:45.426  INFO 11194 --- [    Test worker] s.w.s.m.m.a.RequestMappingHandlerMapping : Mapped "{[/suggestioncomments/getAll],methods=[GET]}" onto java.util.List<com.example.entity.comments.SuggestionComments> com.example.controllers.commentsControllers.SuggestionsCommentsController.getAll()
2016-11-14 18:16:45.428  INFO 11194 --- [    Test worker] s.w.s.m.m.a.RequestMappingHandlerMapping : Mapped "{[/troublescomments/getall],methods=[GET]}" onto java.util.List<com.example.entity.comments.TroublesComments> com.example.controllers.commentsControllers.TroublesCommentsController.getAll()
2016-11-14 18:16:45.430  INFO 11194 --- [    Test worker] s.w.s.m.m.a.RequestMappingHandlerMapping : Mapped "{[/voluntariescommetns/getall],methods=[GET]}" onto java.util.List<com.example.entity.comments.VoluntariesComments> com.example.controllers.commentsControllers.VoluntariesCommentsController.getAll()
2016-11-14 18:16:45.435  INFO 11194 --- [    Test worker] s.w.s.m.m.a.RequestMappingHandlerMapping : Mapped "{[/events/getbyid/{id}],methods=[GET]}" onto com.example.entity.feeds.Event com.example.controllers.feedControllers.EventController.getEvent(java.lang.Long)
2016-11-14 18:16:45.436  INFO 11194 --- [    Test worker] s.w.s.m.m.a.RequestMappingHandlerMapping : Mapped "{[/events/event],methods=[POST]}" onto com.example.entity.feeds.Event com.example.controllers.feedControllers.EventController.insertEvent(com.example.entity.feeds.Event)
2016-11-14 18:16:45.437  INFO 11194 --- [    Test worker] s.w.s.m.m.a.RequestMappingHandlerMapping : Mapped "{[/events/delete/{id}],methods=[POST]}" onto public void com.example.controllers.feedControllers.EventController.deleteEvent(java.lang.Long)
2016-11-14 18:16:45.438  INFO 11194 --- [    Test worker] s.w.s.m.m.a.RequestMappingHandlerMapping : Mapped "{[/events/nrfeeds/{user_id}],methods=[GET]}" onto org.json.simple.JSONObject com.example.controllers.feedControllers.EventController.getNumberOfEventsPerUser(java.lang.Long)
2016-11-14 18:16:45.438  INFO 11194 --- [    Test worker] s.w.s.m.m.a.RequestMappingHandlerMapping : Mapped "{[/events/getall],methods=[GET]}" onto java.util.List<com.example.entity.feeds.Event> com.example.controllers.feedControllers.EventController.getAll()
2016-11-14 18:16:45.442  INFO 11194 --- [    Test worker] s.w.s.m.m.a.RequestMappingHandlerMapping : Mapped "{[/getFeedById],methods=[POST]}" onto <T> T com.example.controllers.feedControllers.FeedController.getFeedById(java.lang.Long,int)
2016-11-14 18:16:45.442  INFO 11194 --- [    Test worker] s.w.s.m.m.a.RequestMappingHandlerMapping : Mapped "{[/getFeedByType3],methods=[POST]}" onto java.util.List<com.example.entity.feeds.Suggestion> com.example.controllers.feedControllers.FeedController.getSugestion(long,int,int)
2016-11-14 18:16:45.443  INFO 11194 --- [    Test worker] s.w.s.m.m.a.RequestMappingHandlerMapping : Mapped "{[/getFeedByType2],methods=[POST]}" onto java.util.List<com.example.entity.feeds.Trouble> com.example.controllers.feedControllers.FeedController.getTroubles(long,int,int)
2016-11-14 18:16:45.443  INFO 11194 --- [    Test worker] s.w.s.m.m.a.RequestMappingHandlerMapping : Mapped "{[/getFeedByType1],methods=[POST]}" onto java.util.List<com.example.entity.feeds.Voluntaries> com.example.controllers.feedControllers.FeedController.getVoluntaries(java.lang.Long,int,int)
2016-11-14 18:16:45.443  INFO 11194 --- [    Test worker] s.w.s.m.m.a.RequestMappingHandlerMapping : Mapped "{[/feeds/postFeed1],methods=[POST]}" onto org.json.simple.JSONObject com.example.controllers.feedControllers.FeedController.insertVountary(com.example.entity.feeds.Voluntaries,long) throws java.io.IOException
2016-11-14 18:16:45.444  INFO 11194 --- [    Test worker] s.w.s.m.m.a.RequestMappingHandlerMapping : Mapped "{[/feeds/postFeed2],methods=[POST]}" onto org.json.simple.JSONObject com.example.controllers.feedControllers.FeedController.insertTrouble(com.example.entity.feeds.Trouble,long) throws java.io.IOException
2016-11-14 18:16:45.445  INFO 11194 --- [    Test worker] s.w.s.m.m.a.RequestMappingHandlerMapping : Mapped "{[/feeds/postFeed3],methods=[POST]}" onto org.json.simple.JSONObject com.example.controllers.feedControllers.FeedController.insertSuggestion(com.example.entity.feeds.Suggestion,long) throws java.io.IOException
2016-11-14 18:16:45.445  INFO 11194 --- [    Test worker] s.w.s.m.m.a.RequestMappingHandlerMapping : Mapped "{[/setNotify],methods=[POST]}" onto com.example.entity.feeds.Notify com.example.controllers.feedControllers.FeedController.insertNotify(com.example.entity.feeds.Notify)
2016-11-14 18:16:45.446  INFO 11194 --- [    Test worker] s.w.s.m.m.a.RequestMappingHandlerMapping : Mapped "{[/getCurrentFeeds],methods=[POST]}" onto com.example.entity.feeds.FeedsCollection com.example.controllers.feedControllers.FeedController.getCurrentFeeds(java.lang.String,java.lang.Long)
2016-11-14 18:16:45.446  INFO 11194 --- [    Test worker] s.w.s.m.m.a.RequestMappingHandlerMapping : Mapped "{[/getFeedByType4],methods=[POST]}" onto java.util.List<com.example.entity.feeds.Event> com.example.controllers.feedControllers.FeedController.getEvent(long,int,int)
2016-11-14 18:16:45.446  INFO 11194 --- [    Test worker] s.w.s.m.m.a.RequestMappingHandlerMapping : Mapped "{[/feeds/postFeed4],methods=[POST]}" onto org.json.simple.JSONObject com.example.controllers.feedControllers.FeedController.insertEvent(com.example.entity.feeds.Event,long) throws java.lang.Exception
2016-11-14 18:16:45.447  INFO 11194 --- [    Test worker] s.w.s.m.m.a.RequestMappingHandlerMapping : Mapped "{[/getAll],methods=[GET]}" onto java.lang.Object com.example.controllers.feedControllers.FeedController.getAll()
2016-11-14 18:16:45.449  INFO 11194 --- [    Test worker] s.w.s.m.m.a.RequestMappingHandlerMapping : Mapped "{[/suggestions/getbyid/{id}],methods=[GET]}" onto com.example.entity.feeds.Suggestion com.example.controllers.feedControllers.SuggestionController.getOne(java.lang.Long)
2016-11-14 18:16:45.450  INFO 11194 --- [    Test worker] s.w.s.m.m.a.RequestMappingHandlerMapping : Mapped "{[/suggestions/delete/{id}],methods=[POST]}" onto public void com.example.controllers.feedControllers.SuggestionController.deleteSuggestion(java.lang.Long)
2016-11-14 18:16:45.451  INFO 11194 --- [    Test worker] s.w.s.m.m.a.RequestMappingHandlerMapping : Mapped "{[/suggestions/getall],methods=[GET]}" onto java.util.List<com.example.entity.feeds.Suggestion> com.example.controllers.feedControllers.SuggestionController.getAll()
2016-11-14 18:16:45.451  INFO 11194 --- [    Test worker] s.w.s.m.m.a.RequestMappingHandlerMapping : Mapped "{[/suggestions/suggestion],methods=[POST]}" onto com.example.entity.feeds.Suggestion com.example.controllers.feedControllers.SuggestionController.insert(com.example.entity.feeds.Suggestion)
2016-11-14 18:16:45.458  INFO 11194 --- [    Test worker] s.w.s.m.m.a.RequestMappingHandlerMapping : Mapped "{[/troubles/getbyid/{id}],methods=[GET]}" onto com.example.entity.feeds.Trouble com.example.controllers.feedControllers.TroubleController.getById(java.lang.Long)
2016-11-14 18:16:45.459  INFO 11194 --- [    Test worker] s.w.s.m.m.a.RequestMappingHandlerMapping : Mapped "{[/troubles/delete/{id}],methods=[POST]}" onto public void com.example.controllers.feedControllers.TroubleController.deleteTrounble(java.lang.Long)
2016-11-14 18:16:45.461  INFO 11194 --- [    Test worker] s.w.s.m.m.a.RequestMappingHandlerMapping : Mapped "{[/troubles/getall],methods=[GET]}" onto java.util.List<com.example.entity.feeds.Trouble> com.example.controllers.feedControllers.TroubleController.getAll()
2016-11-14 18:16:45.462  INFO 11194 --- [    Test worker] s.w.s.m.m.a.RequestMappingHandlerMapping : Mapped "{[/troubles/trouble],methods=[POST]}" onto com.example.entity.feeds.Trouble com.example.controllers.feedControllers.TroubleController.insert(com.example.entity.feeds.Trouble)
2016-11-14 18:16:45.465  INFO 11194 --- [    Test worker] s.w.s.m.m.a.RequestMappingHandlerMapping : Mapped "{[/voluntaries/findone/{id}],methods=[GET]}" onto com.example.entity.feeds.Voluntaries com.example.controllers.feedControllers.VoluntariesController.getVoluntary(java.lang.Long)
2016-11-14 18:16:45.466  INFO 11194 --- [    Test worker] s.w.s.m.m.a.RequestMappingHandlerMapping : Mapped "{[/voluntaries/voluntary],methods=[POST]}" onto public com.example.entity.feeds.Voluntaries com.example.controllers.feedControllers.VoluntariesController.createVoluntary(com.example.entity.feeds.Voluntaries)
2016-11-14 18:16:45.466  INFO 11194 --- [    Test worker] s.w.s.m.m.a.RequestMappingHandlerMapping : Mapped "{[/voluntaries/delete/{id}],methods=[POST]}" onto public void com.example.controllers.feedControllers.VoluntariesController.deleteVoluntary(java.lang.Long)
2016-11-14 18:16:45.467  INFO 11194 --- [    Test worker] s.w.s.m.m.a.RequestMappingHandlerMapping : Mapped "{[/voluntaries/getAll],methods=[GET]}" onto java.util.List<com.example.entity.feeds.Voluntaries> com.example.controllers.feedControllers.VoluntariesController.getAll()
2016-11-14 18:16:45.468  INFO 11194 --- [    Test worker] s.w.s.m.m.a.RequestMappingHandlerMapping : Mapped "{[/upload1],methods=[POST]}" onto org.json.simple.JSONObject com.example.controllers.upload.FileUploadController.uploadFileHandler(org.springframework.web.multipart.MultipartFile)
2016-11-14 18:16:45.473  INFO 11194 --- [    Test worker] s.w.s.m.m.a.RequestMappingHandlerMapping : Mapped "{[/upload],methods=[POST]}" onto public org.json.simple.JSONArray com.example.controllers.upload.FileUploadController.uploadMultipleFileHandler(org.springframework.web.multipart.MultipartFile[])
2016-11-14 18:16:45.474  INFO 11194 --- [    Test worker] s.w.s.m.m.a.RequestMappingHandlerMapping : Mapped "{[/getPhoto/{name}/],methods=[GET]}" onto public void com.example.controllers.upload.MediaGetter.getImage(javax.servlet.http.HttpServletResponse,java.lang.String) throws java.lang.Exception
2016-11-14 18:16:45.475  INFO 11194 --- [    Test worker] s.w.s.m.m.a.RequestMappingHandlerMapping : Mapped "{[/getVideo/{name}/],methods=[GET]}" onto public void com.example.controllers.upload.MediaGetter.getVideo(javax.servlet.http.HttpServletRequest,javax.servlet.http.HttpServletResponse,java.lang.String) throws java.lang.Exception
2016-11-14 18:16:45.477  INFO 11194 --- [    Test worker] s.w.s.m.m.a.RequestMappingHandlerMapping : Mapped "{[/users/getbyid/{id}],methods=[GET]}" onto com.example.entity.user.Profile com.example.controllers.userController.ProfileController.getOne(java.lang.Long)
2016-11-14 18:16:45.478  INFO 11194 --- [    Test worker] s.w.s.m.m.a.RequestMappingHandlerMapping : Mapped "{[/users/delete/{id}],methods=[POST]}" onto public void com.example.controllers.userController.ProfileController.deleteProfile(java.lang.Long)
2016-11-14 18:16:45.478  INFO 11194 --- [    Test worker] s.w.s.m.m.a.RequestMappingHandlerMapping : Mapped "{[/users/getall],methods=[GET]}" onto java.util.List<com.example.entity.user.Profile> com.example.controllers.userController.ProfileController.getAll()
2016-11-14 18:16:45.479  INFO 11194 --- [    Test worker] s.w.s.m.m.a.RequestMappingHandlerMapping : Mapped "{[/users/profile],methods=[POST]}" onto com.example.entity.user.Profile com.example.controllers.userController.ProfileController.insert(com.example.entity.user.Profile)
2016-11-14 18:16:45.480  INFO 11194 --- [    Test worker] s.w.s.m.m.a.RequestMappingHandlerMapping : Mapped "{[/setCitySetting],methods=[POST]}" onto java.lang.String com.example.controllers.userController.SettingsController.insertSettings(com.example.dto.PlaceInfo,java.lang.Long)
2016-11-14 18:16:45.480  INFO 11194 --- [    Test worker] s.w.s.m.m.a.RequestMappingHandlerMapping : Mapped "{[/getCitySettings],methods=[POST]}" onto java.lang.String com.example.controllers.userController.SettingsController.getSettings(java.lang.Long)
2016-11-14 18:16:45.481  INFO 11194 --- [    Test worker] s.w.s.m.m.a.RequestMappingHandlerMapping : Mapped "{[/deleteCitySetting],methods=[POST]}" onto java.lang.String com.example.controllers.userController.SettingsController.deleteSettings(java.lang.String,java.lang.Long)
2016-11-14 18:16:45.481  INFO 11194 --- [    Test worker] s.w.s.m.m.a.RequestMappingHandlerMapping : Mapped "{[/vote],methods=[POST]}" onto <T> T com.example.controllers.voteControllers.VoteController.voteSomething(long,long,int,int)
2016-11-14 18:16:45.484  INFO 11194 --- [    Test worker] s.w.s.m.m.a.RequestMappingHandlerMapping : Mapped "{[/vote_event/insertVote],methods=[POST]}" onto com.example.entity.votes.VoteEvent com.example.controllers.voteControllers.VoteEventController.insertVote(com.example.entity.votes.VoteEvent)
2016-11-14 18:16:45.485  INFO 11194 --- [    Test worker] s.w.s.m.m.a.RequestMappingHandlerMapping : Mapped "{[/vote_event/getlikes/{feed_id}],methods=[GET]}" onto org.json.simple.JSONObject com.example.controllers.voteControllers.VoteEventController.getLikes(java.lang.Long)
2016-11-14 18:16:45.485  INFO 11194 --- [    Test worker] s.w.s.m.m.a.RequestMappingHandlerMapping : Mapped "{[/vote_event/getJoined/{feed_id}],methods=[GET]}" onto org.json.simple.JSONObject com.example.controllers.voteControllers.VoteEventController.getJoins(java.lang.Long)
2016-11-14 18:16:45.485  INFO 11194 --- [    Test worker] s.w.s.m.m.a.RequestMappingHandlerMapping : Mapped "{[/vote_event/getbyid/{id}],methods=[GET]}" onto com.example.entity.votes.VoteEvent com.example.controllers.voteControllers.VoteEventController.getById(java.lang.Long)
2016-11-14 18:16:45.486  INFO 11194 --- [    Test worker] s.w.s.m.m.a.RequestMappingHandlerMapping : Mapped "{[/vote_event/getAll],methods=[GET]}" onto java.util.List<com.example.entity.votes.VoteEvent> com.example.controllers.voteControllers.VoteEventController.getAll()
2016-11-14 18:16:45.486  INFO 11194 --- [    Test worker] s.w.s.m.m.a.RequestMappingHandlerMapping : Mapped "{[/vote_event/delete/{id}],methods=[POST]}" onto public void com.example.controllers.voteControllers.VoteEventController.delete(java.lang.Long)
2016-11-14 18:16:45.489  INFO 11194 --- [    Test worker] s.w.s.m.m.a.RequestMappingHandlerMapping : Mapped "{[/vote_suggestion/insertVote],methods=[POST]}" onto com.example.entity.votes.VoteSuggestion com.example.controllers.voteControllers.VoteSuggestionController.insertVote(com.example.entity.votes.VoteSuggestion)
2016-11-14 18:16:45.489  INFO 11194 --- [    Test worker] s.w.s.m.m.a.RequestMappingHandlerMapping : Mapped "{[/vote_suggestion/getlikes/{feed_id}],methods=[GET]}" onto org.json.simple.JSONObject com.example.controllers.voteControllers.VoteSuggestionController.getLikes(java.lang.Long)
2016-11-14 18:16:45.489  INFO 11194 --- [    Test worker] s.w.s.m.m.a.RequestMappingHandlerMapping : Mapped "{[/vote_suggestion/getJoined/{feed_id}],methods=[GET]}" onto org.json.simple.JSONObject com.example.controllers.voteControllers.VoteSuggestionController.getJoins(java.lang.Long)
2016-11-14 18:16:45.490  INFO 11194 --- [    Test worker] s.w.s.m.m.a.RequestMappingHandlerMapping : Mapped "{[/vote_suggestion/getbyid/{id}],methods=[GET]}" onto com.example.entity.votes.VoteSuggestion com.example.controllers.voteControllers.VoteSuggestionController.getById(java.lang.Long)
2016-11-14 18:16:45.490  INFO 11194 --- [    Test worker] s.w.s.m.m.a.RequestMappingHandlerMapping : Mapped "{[/vote_suggestion/getAll],methods=[GET]}" onto java.util.List<com.example.entity.votes.VoteSuggestion> com.example.controllers.voteControllers.VoteSuggestionController.getAll()
2016-11-14 18:16:45.490  INFO 11194 --- [    Test worker] s.w.s.m.m.a.RequestMappingHandlerMapping : Mapped "{[/vote_suggestion/delete/{id}],methods=[POST]}" onto public void com.example.controllers.voteControllers.VoteSuggestionController.delete(java.lang.Long)
2016-11-14 18:16:45.493  INFO 11194 --- [    Test worker] s.w.s.m.m.a.RequestMappingHandlerMapping : Mapped "{[/vote_trouble/insertVote],methods=[POST]}" onto com.example.entity.votes.VoteTrouble com.example.controllers.voteControllers.VoteTroubleController.insertVote(com.example.entity.votes.VoteTrouble)
2016-11-14 18:16:45.493  INFO 11194 --- [    Test worker] s.w.s.m.m.a.RequestMappingHandlerMapping : Mapped "{[/vote_trouble/getlikes/{feed_id}],methods=[GET]}" onto org.json.simple.JSONObject com.example.controllers.voteControllers.VoteTroubleController.getLikes(java.lang.Long)
2016-11-14 18:16:45.494  INFO 11194 --- [    Test worker] s.w.s.m.m.a.RequestMappingHandlerMapping : Mapped "{[/vote_trouble/getJoined/{feed_id}],methods=[GET]}" onto org.json.simple.JSONObject com.example.controllers.voteControllers.VoteTroubleController.getJoins(java.lang.Long)
2016-11-14 18:16:45.494  INFO 11194 --- [    Test worker] s.w.s.m.m.a.RequestMappingHandlerMapping : Mapped "{[/vote_trouble/getbyid/{id}],methods=[GET]}" onto com.example.entity.votes.VoteTrouble com.example.controllers.voteControllers.VoteTroubleController.getById(java.lang.Long)
2016-11-14 18:16:45.494  INFO 11194 --- [    Test worker] s.w.s.m.m.a.RequestMappingHandlerMapping : Mapped "{[/vote_trouble/getAll],methods=[GET]}" onto java.util.List<com.example.entity.votes.VoteTrouble> com.example.controllers.voteControllers.VoteTroubleController.getAll()
2016-11-14 18:16:45.495  INFO 11194 --- [    Test worker] s.w.s.m.m.a.RequestMappingHandlerMapping : Mapped "{[/vote_trouble/delete/{id}],methods=[POST]}" onto public void com.example.controllers.voteControllers.VoteTroubleController.delete(java.lang.Long)
2016-11-14 18:16:45.497  INFO 11194 --- [    Test worker] s.w.s.m.m.a.RequestMappingHandlerMapping : Mapped "{[/vote_voluntary/insertVote],methods=[POST]}" onto com.example.entity.votes.VoteVoluntarie com.example.controllers.voteControllers.VoteVoluntaryController.insertVote(com.example.entity.votes.VoteVoluntarie)
2016-11-14 18:16:45.497  INFO 11194 --- [    Test worker] s.w.s.m.m.a.RequestMappingHandlerMapping : Mapped "{[/vote_voluntary/getJoined/{feed_id}],methods=[GET]}" onto org.json.simple.JSONObject com.example.controllers.voteControllers.VoteVoluntaryController.getJoins(java.lang.Long)
2016-11-14 18:16:45.498  INFO 11194 --- [    Test worker] s.w.s.m.m.a.RequestMappingHandlerMapping : Mapped "{[/vote_voluntary/getbyid/{id}],methods=[GET]}" onto com.example.entity.votes.VoteVoluntarie com.example.controllers.voteControllers.VoteVoluntaryController.getById(java.lang.Long)
2016-11-14 18:16:45.498  INFO 11194 --- [    Test worker] s.w.s.m.m.a.RequestMappingHandlerMapping : Mapped "{[/vote_voluntary/getAll],methods=[GET]}" onto java.util.List<com.example.entity.votes.VoteVoluntarie> com.example.controllers.voteControllers.VoteVoluntaryController.getAll()
2016-11-14 18:16:45.498  INFO 11194 --- [    Test worker] s.w.s.m.m.a.RequestMappingHandlerMapping : Mapped "{[/vote_voluntary/delete/{id}],methods=[POST]}" onto public void com.example.controllers.voteControllers.VoteVoluntaryController.delete(java.lang.Long)
2016-11-14 18:16:45.509  INFO 11194 --- [    Test worker] s.w.s.m.m.a.RequestMappingHandlerMapping : Mapped "{[/error],produces=[text/html]}" onto public org.springframework.web.servlet.ModelAndView org.springframework.boot.autoconfigure.web.BasicErrorController.errorHtml(javax.servlet.http.HttpServletRequest,javax.servlet.http.HttpServletResponse)
2016-11-14 18:16:45.512  INFO 11194 --- [    Test worker] s.w.s.m.m.a.RequestMappingHandlerMapping : Mapped "{[/error]}" onto public org.springframework.http.ResponseEntity<java.util.Map<java.lang.String, java.lang.Object>> org.springframework.boot.autoconfigure.web.BasicErrorController.error(javax.servlet.http.HttpServletRequest)
2016-11-14 18:16:45.945  INFO 11194 --- [    Test worker] s.w.s.m.m.a.RequestMappingHandlerAdapter : Looking for @ControllerAdvice: org.springframework.web.context.support.GenericWebApplicationContext@5fe53e8c: startup date [Mon Nov 14 18:16:37 EET 2016]; root of context hierarchy
2016-11-14 18:16:47.107  WARN 11194 --- [    Test worker] .t.AbstractTemplateResolverConfiguration : Cannot find template location: classpath:/templates/ (please add some templates or check your Thymeleaf configuration)
2016-11-14 18:16:47.438  INFO 11194 --- [    Test worker] com.example.ExampleApplicationTests      : Started ExampleApplicationTests in 10.84 seconds (JVM running for 12.287)
]]></system-out>
  <system-err><![CDATA[]]></system-err>
</testsuite>
